2025-07-12T15:12:40.359+07:00  INFO 19852 --- [main] c.h.b.BackendNoithatApplication          : Starting BackendNoithatApplication using Java 17.0.14 with PID 19852 (/home/huy/Project/App-Noi-That-Backend/target/classes started by huy in /home/huy/Project/App-Noi-That-Backend)
2025-07-12T15:12:40.363+07:00  INFO 19852 --- [main] c.h.b.BackendNoithatApplication          : The following 1 profile is active: "dev"
2025-07-12T15:12:40.842+07:00  INFO 19852 --- [main] .s.d.r.c.RepositoryConfigurationDelegate : Multiple Spring Data modules found, entering strict repository configuration mode
2025-07-12T15:12:40.842+07:00  INFO 19852 --- [main] .s.d.r.c.RepositoryConfigurationDelegate : Bootstrapping Spring Data Redis repositories in DEFAULT mode.
2025-07-12T15:12:40.859+07:00  INFO 19852 --- [main] .s.d.r.c.RepositoryConfigurationDelegate : Finished Spring Data repository scanning in 4 ms. Found 0 Redis repository interfaces.
2025-07-12T15:12:41.057+07:00  INFO 19852 --- [main] .s.d.r.c.RepositoryConfigurationDelegate : Multiple Spring Data modules found, entering strict repository configuration mode
2025-07-12T15:12:41.058+07:00  INFO 19852 --- [main] .s.d.r.c.RepositoryConfigurationDelegate : Bootstrapping Spring Data JPA repositories in DEFAULT mode.
2025-07-12T15:12:41.119+07:00  INFO 19852 --- [main] .s.d.r.c.RepositoryConfigurationDelegate : Finished Spring Data repository scanning in 58 ms. Found 8 JPA repository interfaces.
2025-07-12T15:12:41.554+07:00  INFO 19852 --- [main] o.s.b.w.embedded.tomcat.TomcatWebServer  : Tomcat initialized with port(s): 8080 (http)
2025-07-12T15:12:41.560+07:00  INFO 19852 --- [main] o.apache.catalina.core.StandardService   : Starting service [Tomcat]
2025-07-12T15:12:41.560+07:00  INFO 19852 --- [main] o.apache.catalina.core.StandardEngine    : Starting Servlet engine: [Apache Tomcat/10.1.11]
2025-07-12T15:12:41.620+07:00  INFO 19852 --- [main] o.a.c.c.C.[Tomcat].[localhost].[/]       : Initializing Spring embedded WebApplicationContext
2025-07-12T15:12:41.620+07:00  INFO 19852 --- [main] w.s.c.ServletWebServerApplicationContext : Root WebApplicationContext: initialization completed in 1219 ms
2025-07-12T15:12:41.724+07:00  WARN 19852 --- [main] JpaBaseConfiguration$JpaWebConfiguration : spring.jpa.open-in-view is enabled by default. Therefore, database queries may be performed during view rendering. Explicitly configure spring.jpa.open-in-view to disable this warning
2025-07-12T15:12:41.824+07:00  INFO 19852 --- [main] o.hibernate.jpa.internal.util.LogHelper  : HHH000204: Processing PersistenceUnitInfo [name: default]
2025-07-12T15:12:41.872+07:00  INFO 19852 --- [main] org.hibernate.Version                    : HHH000412: Hibernate ORM core version 6.2.6.Final
2025-07-12T15:12:41.874+07:00  INFO 19852 --- [main] org.hibernate.cfg.Environment            : HHH000406: Using bytecode reflection optimizer
2025-07-12T15:12:41.970+07:00  INFO 19852 --- [main] o.h.b.i.BytecodeProviderInitiator        : HHH000021: Bytecode provider name : bytebuddy
2025-07-12T15:12:42.073+07:00  INFO 19852 --- [main] o.s.o.j.p.SpringPersistenceUnitInfo      : No LoadTimeWeaver setup: ignoring JPA class transformer
2025-07-12T15:12:42.087+07:00  INFO 19852 --- [main] com.zaxxer.hikari.HikariDataSource       : HikariPool-1 - Starting...
2025-07-12T15:12:42.293+07:00  INFO 19852 --- [main] com.zaxxer.hikari.pool.HikariPool        : HikariPool-1 - Added connection com.mysql.cj.jdbc.ConnectionImpl@6071631f
2025-07-12T15:12:42.295+07:00  INFO 19852 --- [main] com.zaxxer.hikari.HikariDataSource       : HikariPool-1 - Start completed.
2025-07-12T15:12:42.513+07:00  INFO 19852 --- [main] o.h.b.i.BytecodeProviderInitiator        : HHH000021: Bytecode provider name : bytebuddy
2025-07-12T15:12:43.031+07:00  INFO 19852 --- [main] o.h.e.t.j.p.i.JtaPlatformInitiator       : HHH000490: Using JtaPlatform implementation: [org.hibernate.engine.transaction.jta.platform.internal.NoJtaPlatform]
2025-07-12T15:12:43.673+07:00  INFO 19852 --- [main] j.LocalContainerEntityManagerFactoryBean : Initialized JPA EntityManagerFactory for persistence unit 'default'
2025-07-12T15:12:44.136+07:00  INFO 19852 --- [main] o.s.d.j.r.query.QueryEnhancerFactory     : Hibernate is in classpath; If applicable, HQL parser will be used.
2025-07-12T15:12:44.337+07:00  INFO 19852 --- [main] CriteriaBuilderConfigurationProviderImpl : Blaze-Persistence version: Blaze-Persistence 'Lockjaw' 1.6.15
2025-07-12T15:12:44.455+07:00  WARN 19852 --- [main] c.blazebit.annotation.AnnotationUtils    : Stereotype annotation can not be found, skipping annotation inheritance via stereotype.
2025-07-12T15:12:44.697+07:00 TRACE 19852 --- [main] o.s.c.a.AnnotationCacheOperationSource   : Adding cacheable method 'getSheetFile' with attribute: [Builder[public com.huy.backendnoithat.model.SheetFileDTO com.huy.backendnoithat.service.SheetService.getSheetFile(int) throws java.io.IOException] caches=[sheetFileCache] | key='#fileID' | keyGenerator='' | cacheManager='' | cacheResolver='' | condition='' | unless='' | sync='false']
2025-07-12T15:12:44.699+07:00 TRACE 19852 --- [main] o.s.c.a.AnnotationCacheOperationSource   : Adding cacheable method 'saveSheetFile' with attribute: [Builder[public com.huy.backendnoithat.model.SheetFileDTO com.huy.backendnoithat.service.SheetService.saveSheetFile(java.lang.Integer,com.huy.backendnoithat.model.dto.SheetDataExportDTO) throws java.io.IOException,org.huytv.exception.ExportException] caches=[sheetFileCache] | key='#fileId' | keyGenerator='' | cacheManager='' | cacheResolver='' | condition='#fileId != null' | unless='']
2025-07-12T15:12:44.700+07:00 TRACE 19852 --- [main] o.s.c.a.AnnotationCacheOperationSource   : Adding cacheable method 'getCompanyLogo' with attribute: [Builder[public byte[] com.huy.backendnoithat.service.SheetService.getCompanyLogo(int) throws java.io.IOException] caches=[companyLogoCache] | key='#userID' | keyGenerator='' | cacheManager='' | cacheResolver='' | condition='' | unless='' | sync='false']
2025-07-12T15:12:44.700+07:00 TRACE 19852 --- [main] o.s.c.a.AnnotationCacheOperationSource   : Adding cacheable method 'uploadCompanyLogo' with attribute: [Builder[public com.huy.backendnoithat.model.dto.SavedFileDTO com.huy.backendnoithat.service.SheetService.uploadCompanyLogo(int,com.huy.backendnoithat.model.UploadFile)] caches=[companyLogoCache] | key='#userID' | keyGenerator='' | cacheManager='' | cacheResolver='' | condition='',false,false]
2025-07-12T15:12:45.583+07:00  INFO 19852 --- [main] o.s.s.web.DefaultSecurityFilterChain     : Will secure any request with [org.springframework.security.web.session.DisableEncodeUrlFilter@2e5f2387, org.springframework.security.web.context.request.async.WebAsyncManagerIntegrationFilter@642d7996, org.springframework.security.web.context.SecurityContextHolderFilter@12c9803d, org.springframework.security.web.header.HeaderWriterFilter@685d620a, org.springframework.web.filter.CorsFilter@4f028abf, org.springframework.security.web.authentication.logout.LogoutFilter@5679e277, com.huy.backendnoithat.security.ExceptionHandlerFilter@628b1538, com.huy.backendnoithat.security.AuthenticationHeaderFilter@58a7dc4, com.huy.backendnoithat.security.SecurityCookieFilter@3dd8b40e, org.springframework.security.web.savedrequest.RequestCacheAwareFilter@25983534, org.springframework.security.web.servletapi.SecurityContextHolderAwareRequestFilter@7e8b070e, org.springframework.security.web.authentication.AnonymousAuthenticationFilter@38ee2348, org.springframework.security.web.session.SessionManagementFilter@6045d2c, org.springframework.security.web.access.ExceptionTranslationFilter@58e22835, org.springframework.security.web.access.intercept.AuthorizationFilter@42c10f3d]
2025-07-12T15:12:45.818+07:00  INFO 19852 --- [main] o.s.b.w.embedded.tomcat.TomcatWebServer  : Tomcat started on port(s): 8080 (http) with context path ''
2025-07-12T15:12:45.825+07:00  INFO 19852 --- [main] c.h.b.BackendNoithatApplication          : Started BackendNoithatApplication in 5.811 seconds (process running for 6.352)
2025-07-12T15:12:56.722+07:00  INFO 19852 --- [http-nio-8080-exec-1] o.a.c.c.C.[Tomcat].[localhost].[/]       : Initializing Spring DispatcherServlet 'dispatcherServlet'
2025-07-12T15:12:56.723+07:00  INFO 19852 --- [http-nio-8080-exec-1] o.s.web.servlet.DispatcherServlet        : Initializing Servlet 'dispatcherServlet'
2025-07-12T15:12:56.724+07:00  INFO 19852 --- [http-nio-8080-exec-1] o.s.web.servlet.DispatcherServlet        : Completed initialization in 1 ms
2025-07-12T17:03:55.688+07:00  INFO 19852 --- [http-nio-8080-exec-8] o.apache.tomcat.util.http.parser.Cookie  : A cookie header was received [sidebar:state=true] that contained an invalid cookie. That cookie will be ignored.
 Note: further occurrences of this error will be logged at DEBUG level.
2025-07-12T17:03:55.688+07:00  INFO 19852 --- [http-nio-8080-exec-7] o.apache.tomcat.util.http.parser.Cookie  : A cookie header was received [sidebar:state=true] that contained an invalid cookie. That cookie will be ignored.
 Note: further occurrences of this error will be logged at DEBUG level.
2025-07-12T17:05:01.743+07:00  INFO 19852 --- [SpringApplicationShutdownHook] j.LocalContainerEntityManagerFactoryBean : Closing JPA EntityManagerFactory for persistence unit 'default'
2025-07-12T17:05:01.745+07:00  INFO 19852 --- [SpringApplicationShutdownHook] com.zaxxer.hikari.HikariDataSource       : HikariPool-1 - Shutdown initiated...
2025-07-12T17:05:01.748+07:00  INFO 19852 --- [SpringApplicationShutdownHook] com.zaxxer.hikari.HikariDataSource       : HikariPool-1 - Shutdown completed.
2025-07-12T17:05:03.808+07:00  INFO 88562 --- [main] c.h.b.BackendNoithatApplication          : Starting BackendNoithatApplication using Java 17.0.14 with PID 88562 (/home/huy/Project/App-Noi-That-Backend/target/classes started by huy in /home/huy/Project/App-Noi-That-Backend)
2025-07-12T17:05:03.809+07:00  INFO 88562 --- [main] c.h.b.BackendNoithatApplication          : The following 1 profile is active: "dev"
2025-07-12T17:05:04.269+07:00  INFO 88562 --- [main] .s.d.r.c.RepositoryConfigurationDelegate : Multiple Spring Data modules found, entering strict repository configuration mode
2025-07-12T17:05:04.269+07:00  INFO 88562 --- [main] .s.d.r.c.RepositoryConfigurationDelegate : Bootstrapping Spring Data Redis repositories in DEFAULT mode.
2025-07-12T17:05:04.291+07:00  INFO 88562 --- [main] .s.d.r.c.RepositoryConfigurationDelegate : Finished Spring Data repository scanning in 4 ms. Found 0 Redis repository interfaces.
2025-07-12T17:05:04.449+07:00  INFO 88562 --- [main] .s.d.r.c.RepositoryConfigurationDelegate : Multiple Spring Data modules found, entering strict repository configuration mode
2025-07-12T17:05:04.450+07:00  INFO 88562 --- [main] .s.d.r.c.RepositoryConfigurationDelegate : Bootstrapping Spring Data JPA repositories in DEFAULT mode.
2025-07-12T17:05:04.510+07:00  INFO 88562 --- [main] .s.d.r.c.RepositoryConfigurationDelegate : Finished Spring Data repository scanning in 58 ms. Found 8 JPA repository interfaces.
2025-07-12T17:05:04.993+07:00  INFO 88562 --- [main] o.s.b.w.embedded.tomcat.TomcatWebServer  : Tomcat initialized with port(s): 8080 (http)
2025-07-12T17:05:04.999+07:00  INFO 88562 --- [main] o.apache.catalina.core.StandardService   : Starting service [Tomcat]
2025-07-12T17:05:04.999+07:00  INFO 88562 --- [main] o.apache.catalina.core.StandardEngine    : Starting Servlet engine: [Apache Tomcat/10.1.11]
2025-07-12T17:05:05.046+07:00  INFO 88562 --- [main] o.a.c.c.C.[Tomcat].[localhost].[/]       : Initializing Spring embedded WebApplicationContext
2025-07-12T17:05:05.046+07:00  INFO 88562 --- [main] w.s.c.ServletWebServerApplicationContext : Root WebApplicationContext: initialization completed in 1210 ms
2025-07-12T17:05:05.152+07:00  WARN 88562 --- [main] JpaBaseConfiguration$JpaWebConfiguration : spring.jpa.open-in-view is enabled by default. Therefore, database queries may be performed during view rendering. Explicitly configure spring.jpa.open-in-view to disable this warning
2025-07-12T17:05:05.247+07:00  INFO 88562 --- [main] o.hibernate.jpa.internal.util.LogHelper  : HHH000204: Processing PersistenceUnitInfo [name: default]
2025-07-12T17:05:05.281+07:00  INFO 88562 --- [main] org.hibernate.Version                    : HHH000412: Hibernate ORM core version 6.2.6.Final
2025-07-12T17:05:05.282+07:00  INFO 88562 --- [main] org.hibernate.cfg.Environment            : HHH000406: Using bytecode reflection optimizer
2025-07-12T17:05:05.371+07:00  INFO 88562 --- [main] o.h.b.i.BytecodeProviderInitiator        : HHH000021: Bytecode provider name : bytebuddy
2025-07-12T17:05:05.453+07:00  INFO 88562 --- [main] o.s.o.j.p.SpringPersistenceUnitInfo      : No LoadTimeWeaver setup: ignoring JPA class transformer
2025-07-12T17:05:05.471+07:00  INFO 88562 --- [main] com.zaxxer.hikari.HikariDataSource       : HikariPool-1 - Starting...
2025-07-12T17:05:05.673+07:00  INFO 88562 --- [main] com.zaxxer.hikari.pool.HikariPool        : HikariPool-1 - Added connection com.mysql.cj.jdbc.ConnectionImpl@5c60f096
2025-07-12T17:05:05.674+07:00  INFO 88562 --- [main] com.zaxxer.hikari.HikariDataSource       : HikariPool-1 - Start completed.
2025-07-12T17:05:05.907+07:00  INFO 88562 --- [main] o.h.b.i.BytecodeProviderInitiator        : HHH000021: Bytecode provider name : bytebuddy
2025-07-12T17:05:06.456+07:00  INFO 88562 --- [main] o.h.e.t.j.p.i.JtaPlatformInitiator       : HHH000490: Using JtaPlatform implementation: [org.hibernate.engine.transaction.jta.platform.internal.NoJtaPlatform]
2025-07-12T17:05:07.064+07:00  INFO 88562 --- [main] j.LocalContainerEntityManagerFactoryBean : Initialized JPA EntityManagerFactory for persistence unit 'default'
2025-07-12T17:05:07.526+07:00  INFO 88562 --- [main] o.s.d.j.r.query.QueryEnhancerFactory     : Hibernate is in classpath; If applicable, HQL parser will be used.
2025-07-12T17:05:07.710+07:00  INFO 88562 --- [main] CriteriaBuilderConfigurationProviderImpl : Blaze-Persistence version: Blaze-Persistence 'Lockjaw' 1.6.15
2025-07-12T17:05:07.823+07:00  WARN 88562 --- [main] c.blazebit.annotation.AnnotationUtils    : Stereotype annotation can not be found, skipping annotation inheritance via stereotype.
2025-07-12T17:05:08.055+07:00 TRACE 88562 --- [main] o.s.c.a.AnnotationCacheOperationSource   : Adding cacheable method 'getSheetFile' with attribute: [Builder[public com.huy.backendnoithat.model.SheetFileDTO com.huy.backendnoithat.service.SheetService.getSheetFile(int) throws java.io.IOException] caches=[sheetFileCache] | key='#fileID' | keyGenerator='' | cacheManager='' | cacheResolver='' | condition='' | unless='' | sync='false']
2025-07-12T17:05:08.057+07:00 TRACE 88562 --- [main] o.s.c.a.AnnotationCacheOperationSource   : Adding cacheable method 'saveSheetFile' with attribute: [Builder[public com.huy.backendnoithat.model.SheetFileDTO com.huy.backendnoithat.service.SheetService.saveSheetFile(java.lang.Integer,com.huy.backendnoithat.model.dto.SheetDataExportDTO) throws java.io.IOException,org.huytv.exception.ExportException] caches=[sheetFileCache] | key='#fileId' | keyGenerator='' | cacheManager='' | cacheResolver='' | condition='#fileId != null' | unless='']
2025-07-12T17:05:08.057+07:00 TRACE 88562 --- [main] o.s.c.a.AnnotationCacheOperationSource   : Adding cacheable method 'getCompanyLogo' with attribute: [Builder[public byte[] com.huy.backendnoithat.service.SheetService.getCompanyLogo(int) throws java.io.IOException] caches=[companyLogoCache] | key='#userID' | keyGenerator='' | cacheManager='' | cacheResolver='' | condition='' | unless='' | sync='false']
2025-07-12T17:05:08.058+07:00 TRACE 88562 --- [main] o.s.c.a.AnnotationCacheOperationSource   : Adding cacheable method 'uploadCompanyLogo' with attribute: [Builder[public com.huy.backendnoithat.model.dto.SavedFileDTO com.huy.backendnoithat.service.SheetService.uploadCompanyLogo(int,com.huy.backendnoithat.model.UploadFile)] caches=[companyLogoCache] | key='#userID' | keyGenerator='' | cacheManager='' | cacheResolver='' | condition='',false,false]
2025-07-12T17:05:08.853+07:00  INFO 88562 --- [main] o.s.s.web.DefaultSecurityFilterChain     : Will secure any request with [org.springframework.security.web.session.DisableEncodeUrlFilter@409c8a6b, org.springframework.security.web.context.request.async.WebAsyncManagerIntegrationFilter@59f1a96c, org.springframework.security.web.context.SecurityContextHolderFilter@79cab658, org.springframework.security.web.header.HeaderWriterFilter@4f6cf902, org.springframework.web.filter.CorsFilter@4002f09c, org.springframework.security.web.authentication.logout.LogoutFilter@db52bc4, com.huy.backendnoithat.security.ExceptionHandlerFilter@3152d449, com.huy.backendnoithat.security.AuthenticationHeaderFilter@5f6494c0, com.huy.backendnoithat.security.SecurityCookieFilter@323b5264, org.springframework.security.web.savedrequest.RequestCacheAwareFilter@3ecf180, org.springframework.security.web.servletapi.SecurityContextHolderAwareRequestFilter@11326597, org.springframework.security.web.authentication.AnonymousAuthenticationFilter@57bbdcf1, org.springframework.security.web.session.SessionManagementFilter@42e11e00, org.springframework.security.web.access.ExceptionTranslationFilter@16ae647d, org.springframework.security.web.access.intercept.AuthorizationFilter@4dca87cb]
2025-07-12T17:05:09.093+07:00  INFO 88562 --- [main] o.s.b.w.embedded.tomcat.TomcatWebServer  : Tomcat started on port(s): 8080 (http) with context path ''
2025-07-12T17:05:09.099+07:00  INFO 88562 --- [main] c.h.b.BackendNoithatApplication          : Started BackendNoithatApplication in 5.598 seconds (process running for 6.502)
2025-07-12T17:05:24.127+07:00  INFO 88562 --- [http-nio-8080-exec-1] o.apache.tomcat.util.http.parser.Cookie  : A cookie header was received [sidebar:state=true;] that contained an invalid cookie. That cookie will be ignored.
 Note: further occurrences of this error will be logged at DEBUG level.
2025-07-12T17:05:24.134+07:00  INFO 88562 --- [http-nio-8080-exec-1] o.a.c.c.C.[Tomcat].[localhost].[/]       : Initializing Spring DispatcherServlet 'dispatcherServlet'
2025-07-12T17:05:24.135+07:00  INFO 88562 --- [http-nio-8080-exec-1] o.s.web.servlet.DispatcherServlet        : Initializing Servlet 'dispatcherServlet'
2025-07-12T17:05:24.137+07:00  INFO 88562 --- [http-nio-8080-exec-1] o.s.web.servlet.DispatcherServlet        : Completed initialization in 1 ms
2025-07-12T17:07:03.008+07:00  INFO 89705 --- [main] c.h.b.BackendNoithatApplication          : Starting BackendNoithatApplication using Java 17.0.14 with PID 89705 (/home/huy/Project/App-Noi-That-Backend/target/classes started by huy in /home/huy/Project/App-Noi-That-Backend)
2025-07-12T17:07:03.010+07:00  INFO 89705 --- [main] c.h.b.BackendNoithatApplication          : The following 1 profile is active: "dev"
2025-07-12T17:07:03.361+07:00  INFO 89705 --- [main] .s.d.r.c.RepositoryConfigurationDelegate : Multiple Spring Data modules found, entering strict repository configuration mode
2025-07-12T17:07:03.362+07:00  INFO 89705 --- [main] .s.d.r.c.RepositoryConfigurationDelegate : Bootstrapping Spring Data Redis repositories in DEFAULT mode.
2025-07-12T17:07:03.375+07:00  INFO 89705 --- [main] .s.d.r.c.RepositoryConfigurationDelegate : Finished Spring Data repository scanning in 3 ms. Found 0 Redis repository interfaces.
2025-07-12T17:07:03.511+07:00  INFO 89705 --- [main] .s.d.r.c.RepositoryConfigurationDelegate : Multiple Spring Data modules found, entering strict repository configuration mode
2025-07-12T17:07:03.511+07:00  INFO 89705 --- [main] .s.d.r.c.RepositoryConfigurationDelegate : Bootstrapping Spring Data JPA repositories in DEFAULT mode.
2025-07-12T17:07:03.562+07:00  INFO 89705 --- [main] .s.d.r.c.RepositoryConfigurationDelegate : Finished Spring Data repository scanning in 48 ms. Found 8 JPA repository interfaces.
2025-07-12T17:07:03.919+07:00  INFO 89705 --- [main] o.s.b.w.embedded.tomcat.TomcatWebServer  : Tomcat initialized with port(s): 8080 (http)
2025-07-12T17:07:03.924+07:00  INFO 89705 --- [main] o.apache.catalina.core.StandardService   : Starting service [Tomcat]
2025-07-12T17:07:03.924+07:00  INFO 89705 --- [main] o.apache.catalina.core.StandardEngine    : Starting Servlet engine: [Apache Tomcat/10.1.11]
2025-07-12T17:07:03.971+07:00  INFO 89705 --- [main] o.a.c.c.C.[Tomcat].[localhost].[/]       : Initializing Spring embedded WebApplicationContext
2025-07-12T17:07:03.971+07:00  INFO 89705 --- [main] w.s.c.ServletWebServerApplicationContext : Root WebApplicationContext: initialization completed in 936 ms
2025-07-12T17:07:04.069+07:00  WARN 89705 --- [main] JpaBaseConfiguration$JpaWebConfiguration : spring.jpa.open-in-view is enabled by default. Therefore, database queries may be performed during view rendering. Explicitly configure spring.jpa.open-in-view to disable this warning
2025-07-12T17:07:04.146+07:00  INFO 89705 --- [main] o.hibernate.jpa.internal.util.LogHelper  : HHH000204: Processing PersistenceUnitInfo [name: default]
2025-07-12T17:07:04.175+07:00  INFO 89705 --- [main] org.hibernate.Version                    : HHH000412: Hibernate ORM core version 6.2.6.Final
2025-07-12T17:07:04.176+07:00  INFO 89705 --- [main] org.hibernate.cfg.Environment            : HHH000406: Using bytecode reflection optimizer
2025-07-12T17:07:04.245+07:00  INFO 89705 --- [main] o.h.b.i.BytecodeProviderInitiator        : HHH000021: Bytecode provider name : bytebuddy
2025-07-12T17:07:04.318+07:00  INFO 89705 --- [main] o.s.o.j.p.SpringPersistenceUnitInfo      : No LoadTimeWeaver setup: ignoring JPA class transformer
2025-07-12T17:07:04.329+07:00  INFO 89705 --- [main] com.zaxxer.hikari.HikariDataSource       : HikariPool-1 - Starting...
2025-07-12T17:07:04.501+07:00  INFO 89705 --- [main] com.zaxxer.hikari.pool.HikariPool        : HikariPool-1 - Added connection com.mysql.cj.jdbc.ConnectionImpl@14d18029
2025-07-12T17:07:04.503+07:00  INFO 89705 --- [main] com.zaxxer.hikari.HikariDataSource       : HikariPool-1 - Start completed.
2025-07-12T17:07:04.685+07:00  INFO 89705 --- [main] o.h.b.i.BytecodeProviderInitiator        : HHH000021: Bytecode provider name : bytebuddy
2025-07-12T17:07:05.136+07:00  INFO 89705 --- [main] o.h.e.t.j.p.i.JtaPlatformInitiator       : HHH000490: Using JtaPlatform implementation: [org.hibernate.engine.transaction.jta.platform.internal.NoJtaPlatform]
2025-07-12T17:07:05.738+07:00  INFO 89705 --- [main] j.LocalContainerEntityManagerFactoryBean : Initialized JPA EntityManagerFactory for persistence unit 'default'
2025-07-12T17:07:06.144+07:00  INFO 89705 --- [main] o.s.d.j.r.query.QueryEnhancerFactory     : Hibernate is in classpath; If applicable, HQL parser will be used.
2025-07-12T17:07:06.323+07:00  INFO 89705 --- [main] CriteriaBuilderConfigurationProviderImpl : Blaze-Persistence version: Blaze-Persistence 'Lockjaw' 1.6.15
2025-07-12T17:07:06.409+07:00  WARN 89705 --- [main] c.blazebit.annotation.AnnotationUtils    : Stereotype annotation can not be found, skipping annotation inheritance via stereotype.
2025-07-12T17:07:06.626+07:00 TRACE 89705 --- [main] o.s.c.a.AnnotationCacheOperationSource   : Adding cacheable method 'getSheetFile' with attribute: [Builder[public com.huy.backendnoithat.model.SheetFileDTO com.huy.backendnoithat.service.SheetService.getSheetFile(int) throws java.io.IOException] caches=[sheetFileCache] | key='#fileID' | keyGenerator='' | cacheManager='' | cacheResolver='' | condition='' | unless='' | sync='false']
2025-07-12T17:07:06.627+07:00 TRACE 89705 --- [main] o.s.c.a.AnnotationCacheOperationSource   : Adding cacheable method 'saveSheetFile' with attribute: [Builder[public com.huy.backendnoithat.model.SheetFileDTO com.huy.backendnoithat.service.SheetService.saveSheetFile(java.lang.Integer,com.huy.backendnoithat.model.dto.SheetDataExportDTO) throws java.io.IOException,org.huytv.exception.ExportException] caches=[sheetFileCache] | key='#fileId' | keyGenerator='' | cacheManager='' | cacheResolver='' | condition='#fileId != null' | unless='']
2025-07-12T17:07:06.628+07:00 TRACE 89705 --- [main] o.s.c.a.AnnotationCacheOperationSource   : Adding cacheable method 'getCompanyLogo' with attribute: [Builder[public byte[] com.huy.backendnoithat.service.SheetService.getCompanyLogo(int) throws java.io.IOException] caches=[companyLogoCache] | key='#userID' | keyGenerator='' | cacheManager='' | cacheResolver='' | condition='' | unless='' | sync='false']
2025-07-12T17:07:06.628+07:00 TRACE 89705 --- [main] o.s.c.a.AnnotationCacheOperationSource   : Adding cacheable method 'uploadCompanyLogo' with attribute: [Builder[public com.huy.backendnoithat.model.dto.SavedFileDTO com.huy.backendnoithat.service.SheetService.uploadCompanyLogo(int,com.huy.backendnoithat.model.UploadFile)] caches=[companyLogoCache] | key='#userID' | keyGenerator='' | cacheManager='' | cacheResolver='' | condition='',false,false]
2025-07-12T17:07:07.369+07:00  INFO 89705 --- [main] o.s.s.web.DefaultSecurityFilterChain     : Will secure any request with [org.springframework.security.web.session.DisableEncodeUrlFilter@75b9bbab, org.springframework.security.web.context.request.async.WebAsyncManagerIntegrationFilter@7a82be85, org.springframework.security.web.context.SecurityContextHolderFilter@7ca16621, org.springframework.security.web.header.HeaderWriterFilter@2631075f, org.springframework.web.filter.CorsFilter@42c10f3d, org.springframework.security.web.authentication.logout.LogoutFilter@7279d0f8, com.huy.backendnoithat.security.ExceptionHandlerFilter@33319df0, com.huy.backendnoithat.security.AuthenticationHeaderFilter@755a7218, com.huy.backendnoithat.security.SecurityCookieFilter@29becf8b, org.springframework.security.web.savedrequest.RequestCacheAwareFilter@6045d2c, org.springframework.security.web.servletapi.SecurityContextHolderAwareRequestFilter@5618b26b, org.springframework.security.web.authentication.AnonymousAuthenticationFilter@791a53c7, org.springframework.security.web.session.SessionManagementFilter@2ea0e29d, org.springframework.security.web.access.ExceptionTranslationFilter@4feb7abb, org.springframework.security.web.access.intercept.AuthorizationFilter@63cd8f26]
2025-07-12T17:07:07.575+07:00  INFO 89705 --- [main] o.s.b.w.embedded.tomcat.TomcatWebServer  : Tomcat started on port(s): 8080 (http) with context path ''
2025-07-12T17:07:07.582+07:00  INFO 89705 --- [main] c.h.b.BackendNoithatApplication          : Started BackendNoithatApplication in 4.86 seconds (process running for 5.154)
2025-07-12T17:07:15.011+07:00  INFO 89705 --- [http-nio-8080-exec-1] o.apache.tomcat.util.http.parser.Cookie  : A cookie header was received [sidebar:state=true;] that contained an invalid cookie. That cookie will be ignored.
 Note: further occurrences of this error will be logged at DEBUG level.
2025-07-12T17:07:15.017+07:00  INFO 89705 --- [http-nio-8080-exec-1] o.a.c.c.C.[Tomcat].[localhost].[/]       : Initializing Spring DispatcherServlet 'dispatcherServlet'
2025-07-12T17:07:15.018+07:00  INFO 89705 --- [http-nio-8080-exec-1] o.s.web.servlet.DispatcherServlet        : Initializing Servlet 'dispatcherServlet'
2025-07-12T17:07:15.020+07:00  INFO 89705 --- [http-nio-8080-exec-1] o.s.web.servlet.DispatcherServlet        : Completed initialization in 2 ms
2025-07-12T18:18:39.758+07:00  INFO 89705 --- [SpringApplicationShutdownHook] j.LocalContainerEntityManagerFactoryBean : Closing JPA EntityManagerFactory for persistence unit 'default'
2025-07-12T18:18:39.760+07:00  INFO 89705 --- [SpringApplicationShutdownHook] com.zaxxer.hikari.HikariDataSource       : HikariPool-1 - Shutdown initiated...
2025-07-12T18:18:39.763+07:00  INFO 89705 --- [SpringApplicationShutdownHook] com.zaxxer.hikari.HikariDataSource       : HikariPool-1 - Shutdown completed.
